c:\users\rijadinho\desktop\tug\ss 19\computer graphic 1\computer-graphics-1-task1a-01231648\build\vs2017\task1a\task1a.dir\debug\raytracer.obj
c:\users\rijadinho\desktop\tug\ss 19\computer graphic 1\computer-graphics-1-task1a-01231648\build\vs2017\task1a\task1a.dir\debug\task.obj
c:\users\rijadinho\desktop\tug\ss 19\computer graphic 1\computer-graphics-1-task1a-01231648\build\vs2017\task1a\task1a.dir\debug\main.obj
c:\users\rijadinho\desktop\tug\ss 19\computer graphic 1\computer-graphics-1-task1a-01231648\build\vs2017\task1a\task1a.dir\debug\task_builder.obj
c:\users\rijadinho\desktop\tug\ss 19\computer graphic 1\computer-graphics-1-task1a-01231648\build\vs2017\task1a\task1a.dir\debug\scene.obj
c:\users\rijadinho\desktop\tug\ss 19\computer graphic 1\computer-graphics-1-task1a-01231648\build\vs2017\task1a\task1a.dir\debug\task1a.obj
c:\users\rijadinho\desktop\tug\ss 19\computer graphic 1\computer-graphics-1-task1a-01231648\build\vs2017\task1a\task1a.dir\debug\vc141.pdb
c:\users\rijadinho\desktop\tug\ss 19\computer graphic 1\computer-graphics-1-task1a-01231648\build\vs2017\task1a\cmakefiles\generate.stamp
c:\users\rijadinho\desktop\tug\ss 19\computer graphic 1\computer-graphics-1-task1a-01231648\build\vs2017\bin\task1a.exe
c:\users\rijadinho\desktop\tug\ss 19\computer graphic 1\computer-graphics-1-task1a-01231648\build\vs2017\bin\task1a.ilk
c:\users\rijadinho\desktop\tug\ss 19\computer graphic 1\computer-graphics-1-task1a-01231648\build\vs2017\bin\task1a.pdb
c:\users\rijadinho\desktop\tug\ss 19\computer graphic 1\computer-graphics-1-task1a-01231648\build\vs2017\task1a\task1a.dir\debug\task1a.tlog\cl.command.1.tlog
c:\users\rijadinho\desktop\tug\ss 19\computer graphic 1\computer-graphics-1-task1a-01231648\build\vs2017\task1a\task1a.dir\debug\task1a.tlog\cl.read.1.tlog
c:\users\rijadinho\desktop\tug\ss 19\computer graphic 1\computer-graphics-1-task1a-01231648\build\vs2017\task1a\task1a.dir\debug\task1a.tlog\cl.write.1.tlog
c:\users\rijadinho\desktop\tug\ss 19\computer graphic 1\computer-graphics-1-task1a-01231648\build\vs2017\task1a\task1a.dir\debug\task1a.tlog\custombuild.command.1.tlog
c:\users\rijadinho\desktop\tug\ss 19\computer graphic 1\computer-graphics-1-task1a-01231648\build\vs2017\task1a\task1a.dir\debug\task1a.tlog\custombuild.read.1.tlog
c:\users\rijadinho\desktop\tug\ss 19\computer graphic 1\computer-graphics-1-task1a-01231648\build\vs2017\task1a\task1a.dir\debug\task1a.tlog\custombuild.write.1.tlog
c:\users\rijadinho\desktop\tug\ss 19\computer graphic 1\computer-graphics-1-task1a-01231648\build\vs2017\task1a\task1a.dir\debug\task1a.tlog\link.command.1.tlog
c:\users\rijadinho\desktop\tug\ss 19\computer graphic 1\computer-graphics-1-task1a-01231648\build\vs2017\task1a\task1a.dir\debug\task1a.tlog\link.read.1.tlog
c:\users\rijadinho\desktop\tug\ss 19\computer graphic 1\computer-graphics-1-task1a-01231648\build\vs2017\task1a\task1a.dir\debug\task1a.tlog\link.write.1.tlog
