c:\users\rijadinho\desktop\tug\ss 19\computer graphic 1\computer-graphics-1-task1a-01231648\build\vs2017\framework\libpng\libpng.dir\debug\libpng.pdb
c:\users\rijadinho\desktop\tug\ss 19\computer graphic 1\computer-graphics-1-task1a-01231648\build\vs2017\framework\libpng\libpng.dir\debug\pngwutil.obj
c:\users\rijadinho\desktop\tug\ss 19\computer graphic 1\computer-graphics-1-task1a-01231648\build\vs2017\framework\libpng\libpng.dir\debug\pngwtran.obj
c:\users\rijadinho\desktop\tug\ss 19\computer graphic 1\computer-graphics-1-task1a-01231648\build\vs2017\framework\libpng\libpng.dir\debug\pngwrite.obj
c:\users\rijadinho\desktop\tug\ss 19\computer graphic 1\computer-graphics-1-task1a-01231648\build\vs2017\framework\libpng\libpng.dir\debug\pngwio.obj
c:\users\rijadinho\desktop\tug\ss 19\computer graphic 1\computer-graphics-1-task1a-01231648\build\vs2017\framework\libpng\libpng.dir\debug\pngtrans.obj
c:\users\rijadinho\desktop\tug\ss 19\computer graphic 1\computer-graphics-1-task1a-01231648\build\vs2017\framework\libpng\libpng.dir\debug\pngset.obj
c:\users\rijadinho\desktop\tug\ss 19\computer graphic 1\computer-graphics-1-task1a-01231648\build\vs2017\framework\libpng\libpng.dir\debug\pngrutil.obj
c:\users\rijadinho\desktop\tug\ss 19\computer graphic 1\computer-graphics-1-task1a-01231648\build\vs2017\framework\libpng\libpng.dir\debug\pngrtran.obj
c:\users\rijadinho\desktop\tug\ss 19\computer graphic 1\computer-graphics-1-task1a-01231648\build\vs2017\framework\libpng\libpng.dir\debug\pngrio.obj
c:\users\rijadinho\desktop\tug\ss 19\computer graphic 1\computer-graphics-1-task1a-01231648\build\vs2017\framework\libpng\libpng.dir\debug\pngread.obj
c:\users\rijadinho\desktop\tug\ss 19\computer graphic 1\computer-graphics-1-task1a-01231648\build\vs2017\framework\libpng\libpng.dir\debug\pngpread.obj
c:\users\rijadinho\desktop\tug\ss 19\computer graphic 1\computer-graphics-1-task1a-01231648\build\vs2017\framework\libpng\libpng.dir\debug\pngmem.obj
c:\users\rijadinho\desktop\tug\ss 19\computer graphic 1\computer-graphics-1-task1a-01231648\build\vs2017\framework\libpng\libpng.dir\debug\pngget.obj
c:\users\rijadinho\desktop\tug\ss 19\computer graphic 1\computer-graphics-1-task1a-01231648\build\vs2017\framework\libpng\libpng.dir\debug\pngerror.obj
c:\users\rijadinho\desktop\tug\ss 19\computer graphic 1\computer-graphics-1-task1a-01231648\build\vs2017\framework\libpng\libpng.dir\debug\png.obj
c:\users\rijadinho\desktop\tug\ss 19\computer graphic 1\computer-graphics-1-task1a-01231648\build\vs2017\framework\libpng\cmakefiles\generate.stamp
c:\users\rijadinho\desktop\tug\ss 19\computer graphic 1\computer-graphics-1-task1a-01231648\build\vs2017\lib\libpngd.lib
c:\users\rijadinho\desktop\tug\ss 19\computer graphic 1\computer-graphics-1-task1a-01231648\build\vs2017\framework\libpng\libpng.dir\debug\libpng.tlog\cl.command.1.tlog
c:\users\rijadinho\desktop\tug\ss 19\computer graphic 1\computer-graphics-1-task1a-01231648\build\vs2017\framework\libpng\libpng.dir\debug\libpng.tlog\cl.read.1.tlog
c:\users\rijadinho\desktop\tug\ss 19\computer graphic 1\computer-graphics-1-task1a-01231648\build\vs2017\framework\libpng\libpng.dir\debug\libpng.tlog\cl.write.1.tlog
c:\users\rijadinho\desktop\tug\ss 19\computer graphic 1\computer-graphics-1-task1a-01231648\build\vs2017\framework\libpng\libpng.dir\debug\libpng.tlog\custombuild.command.1.tlog
c:\users\rijadinho\desktop\tug\ss 19\computer graphic 1\computer-graphics-1-task1a-01231648\build\vs2017\framework\libpng\libpng.dir\debug\libpng.tlog\custombuild.read.1.tlog
c:\users\rijadinho\desktop\tug\ss 19\computer graphic 1\computer-graphics-1-task1a-01231648\build\vs2017\framework\libpng\libpng.dir\debug\libpng.tlog\custombuild.write.1.tlog
c:\users\rijadinho\desktop\tug\ss 19\computer graphic 1\computer-graphics-1-task1a-01231648\build\vs2017\framework\libpng\libpng.dir\debug\libpng.tlog\lib-link.read.1.tlog
c:\users\rijadinho\desktop\tug\ss 19\computer graphic 1\computer-graphics-1-task1a-01231648\build\vs2017\framework\libpng\libpng.dir\debug\libpng.tlog\lib-link.write.1.tlog
c:\users\rijadinho\desktop\tug\ss 19\computer graphic 1\computer-graphics-1-task1a-01231648\build\vs2017\framework\libpng\libpng.dir\debug\libpng.tlog\lib.command.1.tlog
