c:\users\rijadinho\desktop\tug\ss 19\computer graphic 1\computer-graphics-1-task1a-01231648\build\vs2017\framework\zlib\zlib.dir\debug\zlib.pdb
c:\users\rijadinho\desktop\tug\ss 19\computer graphic 1\computer-graphics-1-task1a-01231648\build\vs2017\framework\zlib\zlib.dir\debug\zutil.obj
c:\users\rijadinho\desktop\tug\ss 19\computer graphic 1\computer-graphics-1-task1a-01231648\build\vs2017\framework\zlib\zlib.dir\debug\uncompr.obj
c:\users\rijadinho\desktop\tug\ss 19\computer graphic 1\computer-graphics-1-task1a-01231648\build\vs2017\framework\zlib\zlib.dir\debug\trees.obj
c:\users\rijadinho\desktop\tug\ss 19\computer graphic 1\computer-graphics-1-task1a-01231648\build\vs2017\framework\zlib\zlib.dir\debug\inftrees.obj
c:\users\rijadinho\desktop\tug\ss 19\computer graphic 1\computer-graphics-1-task1a-01231648\build\vs2017\framework\zlib\zlib.dir\debug\inflate.obj
c:\users\rijadinho\desktop\tug\ss 19\computer graphic 1\computer-graphics-1-task1a-01231648\build\vs2017\framework\zlib\zlib.dir\debug\inffast.obj
c:\users\rijadinho\desktop\tug\ss 19\computer graphic 1\computer-graphics-1-task1a-01231648\build\vs2017\framework\zlib\zlib.dir\debug\infback.obj
c:\users\rijadinho\desktop\tug\ss 19\computer graphic 1\computer-graphics-1-task1a-01231648\build\vs2017\framework\zlib\zlib.dir\debug\deflate.obj
c:\users\rijadinho\desktop\tug\ss 19\computer graphic 1\computer-graphics-1-task1a-01231648\build\vs2017\framework\zlib\zlib.dir\debug\crc32.obj
c:\users\rijadinho\desktop\tug\ss 19\computer graphic 1\computer-graphics-1-task1a-01231648\build\vs2017\framework\zlib\zlib.dir\debug\compress.obj
c:\users\rijadinho\desktop\tug\ss 19\computer graphic 1\computer-graphics-1-task1a-01231648\build\vs2017\framework\zlib\zlib.dir\debug\adler32.obj
c:\users\rijadinho\desktop\tug\ss 19\computer graphic 1\computer-graphics-1-task1a-01231648\build\vs2017\framework\zlib\cmakefiles\generate.stamp
c:\users\rijadinho\desktop\tug\ss 19\computer graphic 1\computer-graphics-1-task1a-01231648\build\vs2017\lib\zlibd.lib
c:\users\rijadinho\desktop\tug\ss 19\computer graphic 1\computer-graphics-1-task1a-01231648\build\vs2017\framework\zlib\zlib.dir\debug\zlib.tlog\cl.command.1.tlog
c:\users\rijadinho\desktop\tug\ss 19\computer graphic 1\computer-graphics-1-task1a-01231648\build\vs2017\framework\zlib\zlib.dir\debug\zlib.tlog\cl.read.1.tlog
c:\users\rijadinho\desktop\tug\ss 19\computer graphic 1\computer-graphics-1-task1a-01231648\build\vs2017\framework\zlib\zlib.dir\debug\zlib.tlog\cl.write.1.tlog
c:\users\rijadinho\desktop\tug\ss 19\computer graphic 1\computer-graphics-1-task1a-01231648\build\vs2017\framework\zlib\zlib.dir\debug\zlib.tlog\custombuild.command.1.tlog
c:\users\rijadinho\desktop\tug\ss 19\computer graphic 1\computer-graphics-1-task1a-01231648\build\vs2017\framework\zlib\zlib.dir\debug\zlib.tlog\custombuild.read.1.tlog
c:\users\rijadinho\desktop\tug\ss 19\computer graphic 1\computer-graphics-1-task1a-01231648\build\vs2017\framework\zlib\zlib.dir\debug\zlib.tlog\custombuild.write.1.tlog
c:\users\rijadinho\desktop\tug\ss 19\computer graphic 1\computer-graphics-1-task1a-01231648\build\vs2017\framework\zlib\zlib.dir\debug\zlib.tlog\lib-link.read.1.tlog
c:\users\rijadinho\desktop\tug\ss 19\computer graphic 1\computer-graphics-1-task1a-01231648\build\vs2017\framework\zlib\zlib.dir\debug\zlib.tlog\lib-link.write.1.tlog
c:\users\rijadinho\desktop\tug\ss 19\computer graphic 1\computer-graphics-1-task1a-01231648\build\vs2017\framework\zlib\zlib.dir\debug\zlib.tlog\lib.command.1.tlog
